mai. 24, 2022 7:24:00 PM Log info
INFO: Ola mundo
mai. 24, 2022 7:24:58 PM Log info
INFO: Ola Mundo!!
mai. 24, 2022 7:24:58 PM Log warning
INFO: Hello!!
mai. 24, 2022 7:24:58 PM Log severe
SEVERE: Severe!!!
mai. 24, 2022 7:27:11 PM Log severe
SEVERE: Severe!!!
mai. 24, 2022 7:27:21 PM Log info
INFO: Ola Mundo!!
mai. 24, 2022 7:27:21 PM Log warning
INFO: Hello!!
mai. 24, 2022 7:27:21 PM Log severe
SEVERE: Severe!!!
mai. 24, 2022 7:27:39 PM Log severe
SEVERE: Severe!!!
mai. 24, 2022 7:30:58 PM Log warning
WARNING: Hello!!
mai. 24, 2022 7:30:58 PM Log severe
SEVERE: Severe!!!
mai. 24, 2022 7:53:32 PM Log warning
WARNING: Hello!!
mai. 24, 2022 7:53:33 PM Log severe
SEVERE: Severe!!!
mai. 24, 2022 7:54:48 PM Log warning
WARNING: Hello!!
mai. 24, 2022 7:54:48 PM Log severe
SEVERE: Severe!!!
